<?xml version="1.0" encoding="UTF-8"?>
<testng-results ignored="0" total="4" passed="4" failed="0" skipped="0">
  <reporter-output>
  </reporter-output>
  <suite started-at="2021-07-19T06:03:01 PDT" name="Default suite" finished-at="2021-07-19T06:03:08 PDT" duration-ms="6785">
    <groups>
    </groups>
    <test started-at="2021-07-19T06:03:01 PDT" name="Default test" finished-at="2021-07-19T06:03:08 PDT" duration-ms="6785">
      <class name="Test1">
        <test-method signature="testAuthorizePost(java.lang.String,java.lang.String,java.lang.String,java.lang.String,java.lang.String,java.lang.String)[pri:0, instance:Test1@647fd8ce]" started-at="2021-07-19T06:03:01 PDT" name="testAuthorizePost" data-provider="authorize-data" finished-at="2021-07-19T06:03:07 PDT" duration-ms="5279" status="PASS">
          <params>
            <param index="0">
              <value>
                <![CDATA[datakhukhuaaa]]>
              </value>
            </param>
            <param index="1">
              <value>
                <![CDATA[Automation@!@123]]>
              </value>
            </param>
            <param index="2">
              <value>
                <![CDATA[false]]>
              </value>
            </param>
            <param index="3">
              <value>
                <![CDATA[Success]]>
              </value>
            </param>
            <param index="4">
              <value>
                <![CDATA[User authorized successfully.]]>
              </value>
            </param>
            <param index="5">
              <value>
                <![CDATA[true]]>
              </value>
            </param>
          </params>
          <reporter-output>
          </reporter-output>
        </test-method> <!-- testAuthorizePost -->
        <test-method signature="testUserPost(java.lang.String,java.lang.String,java.lang.String,java.lang.String)[pri:0, instance:Test1@647fd8ce]" started-at="2021-07-19T06:03:07 PDT" name="testUserPost" data-provider="user-data" finished-at="2021-07-19T06:03:07 PDT" duration-ms="440" status="PASS">
          <params>
            <param index="0">
              <value>
                <![CDATA[automation]]>
              </value>
            </param>
            <param index="1">
              <value>
                <![CDATA[Automation@!@123]]>
              </value>
            </param>
            <param index="2">
              <value>
                <![CDATA[1204]]>
              </value>
            </param>
            <param index="3">
              <value>
                <![CDATA[User exists!]]>
              </value>
            </param>
          </params>
          <reporter-output>
          </reporter-output>
        </test-method> <!-- testUserPost -->
        <test-method signature="testUserPost(java.lang.String,java.lang.String,java.lang.String,java.lang.String)[pri:0, instance:Test1@647fd8ce]" started-at="2021-07-19T06:03:07 PDT" name="testUserPost" data-provider="user-data" finished-at="2021-07-19T06:03:08 PDT" duration-ms="557" status="PASS">
          <params>
            <param index="0">
              <value>
                <![CDATA[automation]]>
              </value>
            </param>
            <param index="1">
              <value>
                <![CDATA[Auto@2]]>
              </value>
            </param>
            <param index="2">
              <value>
                <![CDATA[1300]]>
              </value>
            </param>
            <param index="3">
              <value>
                <![CDATA[Passwords must have at least one non alphanumeric character, one digit ('0'-'9'), one uppercase ('A'-'Z'), one lowercase ('a'-'z'), one special character and Password must be eight characters or longer.]]>
              </value>
            </param>
          </params>
          <reporter-output>
          </reporter-output>
        </test-method> <!-- testUserPost -->
        <test-method signature="testUserPost(java.lang.String,java.lang.String,java.lang.String,java.lang.String)[pri:0, instance:Test1@647fd8ce]" started-at="2021-07-19T06:03:08 PDT" name="testUserPost" data-provider="user-data" finished-at="2021-07-19T06:03:08 PDT" duration-ms="407" status="PASS">
          <params>
            <param index="0">
              <value>
                <![CDATA[automation]]>
              </value>
            </param>
            <param index="1">
              <value>
                <![CDATA[]]>
              </value>
            </param>
            <param index="2">
              <value>
                <![CDATA[1200]]>
              </value>
            </param>
            <param index="3">
              <value>
                <![CDATA[UserName and Password required.]]>
              </value>
            </param>
          </params>
          <reporter-output>
          </reporter-output>
        </test-method> <!-- testUserPost -->
      </class> <!-- Test1 -->
    </test> <!-- Default test -->
  </suite> <!-- Default suite -->
</testng-results>
