<?xml version="1.0" encoding="UTF-8"?>
<!-- Generated by org.testng.reporters.JUnitXMLReporter -->
<testsuite ignored="0" hostname="DESKTOP-BDG8R21" failures="0" tests="4" name="Default test" time="6.785" errors="0" timestamp="2021-07-19T06:03:08 PDT">
  <testcase classname="Test1" name="testAuthorizePost" time="5.279"/>
  <testcase classname="Test1" name="testUserPost" time="0.44"/>
  <testcase classname="Test1" name="testUserPost" time="0.557"/>
  <testcase classname="Test1" name="testUserPost" time="0.407"/>
</testsuite> <!-- Default test -->
