<?xml version="1.0" encoding="UTF-8"?>
<!-- Generated by org.testng.reporters.JUnitXMLReporter -->
<testsuite ignored="0" hostname="DESKTOP-BDG8R21" failures="0" tests="4" name="Default test" time="7.227" errors="0" timestamp="2021-07-18T10:48:31 PDT">
  <testcase classname="Test1" name="testAuthorizePost" time="5.615"/>
  <testcase classname="Test1" name="testUserPost" time="0.561"/>
  <testcase classname="Test1" name="testUserPost" time="0.476"/>
  <testcase classname="Test1" name="testUserPost" time="0.484"/>
</testsuite> <!-- Default test -->
